GarageApp/android/app/build/intermediates/manifest_merge_blame_file/debug/processDebugMainManifest/manifest-merger-blame-debug-report.txt
1<?xml version="1.0" encoding="utf-8"?>
2<manifest xmlns:android="http://schemas.android.com/apk/res/android"
3    package="com.garageapp"
4    android:versionCode="1"
5    android:versionName="1.0" >
6
7    <uses-sdk
8        android:minSdkVersion="23"
9        android:targetSdkVersion="34" />
10    <!-- Πρόσθεσε το package name -->
11    <!-- Άδειες για Χρήση Τοποθεσίας -->
12    <uses-permission android:name="android.permission.INTERNET" />
12-->src\main\AndroidManifest.xml:6:5-67
12-->src\main\AndroidManifest.xml:6:22-64
13    <uses-permission android:name="android.permission.ACCESS_FINE_LOCATION" />
13-->src\main\AndroidManifest.xml:7:5-79
13-->src\main\AndroidManifest.xml:7:22-76
14    <uses-permission android:name="android.permission.ACCESS_COARSE_LOCATION" />
14-->src\main\AndroidManifest.xml:8:5-81
14-->src\main\AndroidManifest.xml:8:22-78
15    <uses-permission android:name="android.permission.ACCESS_BACKGROUND_LOCATION" />
15-->src\main\AndroidManifest.xml:9:5-104
15-->src\main\AndroidManifest.xml:9:22-82
16    <!--
17    This manifest file is used only by Gradle to configure debug-only capabilities
18    for React Native Apps.
19    -->
20    <uses-permission android:name="android.permission.SYSTEM_ALERT_WINDOW" /> <!-- Include required permissions for Google Maps API to run. -->
20-->[com.facebook.react:react-android:0.75.3] AndroidManifest.xml:16:5-78
20-->[com.facebook.react:react-android:0.75.3] AndroidManifest.xml:16:22-75
21    <uses-permission android:name="android.permission.ACCESS_NETWORK_STATE" />
21-->[com.google.android.gms:play-services-maps:18.2.0] AndroidManifest.xml:23:5-79
21-->[com.google.android.gms:play-services-maps:18.2.0] AndroidManifest.xml:23:22-76
22
23    <uses-feature
23-->[com.google.android.gms:play-services-maps:18.2.0] AndroidManifest.xml:26:5-28:35
24        android:glEsVersion="0x00020000"
24-->[com.google.android.gms:play-services-maps:18.2.0] AndroidManifest.xml:27:9-41
25        android:required="true" />
25-->[com.google.android.gms:play-services-maps:18.2.0] AndroidManifest.xml:28:9-32
26
27    <queries>
27-->[com.google.android.gms:play-services-maps:18.2.0] AndroidManifest.xml:30:5-34:15
28
29        <!-- Needs to be explicitly declared on Android R+ -->
30        <package android:name="com.google.android.apps.maps" />
30-->[com.google.android.gms:play-services-maps:18.2.0] AndroidManifest.xml:33:9-64
30-->[com.google.android.gms:play-services-maps:18.2.0] AndroidManifest.xml:33:18-61
31    </queries>
32
33    <uses-permission android:name="android.permission.WAKE_LOCK" />
33-->[androidx.work:work-runtime:2.7.1] AndroidManifest.xml:25:5-68
33-->[androidx.work:work-runtime:2.7.1] AndroidManifest.xml:25:22-65
34    <uses-permission android:name="android.permission.RECEIVE_BOOT_COMPLETED" />
34-->[androidx.work:work-runtime:2.7.1] AndroidManifest.xml:27:5-81
34-->[androidx.work:work-runtime:2.7.1] AndroidManifest.xml:27:22-78
35    <uses-permission android:name="android.permission.FOREGROUND_SERVICE" />
35-->[androidx.work:work-runtime:2.7.1] AndroidManifest.xml:28:5-77
35-->[androidx.work:work-runtime:2.7.1] AndroidManifest.xml:28:22-74
36
37    <permission
37-->[androidx.core:core:1.9.0] AndroidManifest.xml:22:5-24:47
38        android:name="com.garageapp.DYNAMIC_RECEIVER_NOT_EXPORTED_PERMISSION"
38-->[androidx.core:core:1.9.0] AndroidManifest.xml:23:9-81
39        android:protectionLevel="signature" />
39-->[androidx.core:core:1.9.0] AndroidManifest.xml:24:9-44
40
41    <uses-permission android:name="com.garageapp.DYNAMIC_RECEIVER_NOT_EXPORTED_PERMISSION" />
41-->[androidx.core:core:1.9.0] AndroidManifest.xml:26:5-97
41-->[androidx.core:core:1.9.0] AndroidManifest.xml:26:22-94
42
43    <application
43-->src\main\AndroidManifest.xml:12:5-42:19
44        android:name="com.garageapp.MainApplication"
44-->src\main\AndroidManifest.xml:13:9-40
45        android:allowBackup="false"
45-->src\main\AndroidManifest.xml:17:9-36
46        android:appComponentFactory="androidx.core.app.CoreComponentFactory"
46-->[androidx.core:core:1.9.0] AndroidManifest.xml:28:18-86
47        android:debuggable="true"
48        android:extractNativeLibs="false"
49        android:icon="@mipmap/parking"
49-->src\main\AndroidManifest.xml:15:9-39
50        android:label="@string/app_name"
50-->src\main\AndroidManifest.xml:14:9-41
51        android:roundIcon="@mipmap/ic_launcher_round"
51-->src\main\AndroidManifest.xml:16:9-54
52        android:supportsRtl="true"
52-->src\main\AndroidManifest.xml:19:9-35
53        android:theme="@style/AppTheme"
53-->src\main\AndroidManifest.xml:18:9-40
54        android:usesCleartextTraffic="true" > <!-- Ρύθμιση API Key για Google Maps -->
54-->src\debug\AndroidManifest.xml:6:9-44
55        <meta-data
55-->src\main\AndroidManifest.xml:22:9-24:71
56            android:name="com.google.android.geo.API_KEY"
56-->src\main\AndroidManifest.xml:23:13-58
57            android:value="AIzaSyCjxeXCnDQqB71af5dtPb3mtRQbjHOcGVQ" /> <!-- Κύρια Δραστηριότητα (MainActivity) -->
57-->src\main\AndroidManifest.xml:24:13-68
58        <activity
58-->src\main\AndroidManifest.xml:27:9-40:20
59            android:name="com.garageapp.MainActivity"
59-->src\main\AndroidManifest.xml:28:13-41
60            android:configChanges="keyboard|keyboardHidden|orientation|screenLayout|screenSize|smallestScreenSize|uiMode"
60-->src\main\AndroidManifest.xml:30:13-122
61            android:exported="true"
61-->src\main\AndroidManifest.xml:33:13-36
62            android:label="@string/app_name"
62-->src\main\AndroidManifest.xml:29:13-45
63            android:launchMode="singleTask"
63-->src\main\AndroidManifest.xml:31:13-44
64            android:windowSoftInputMode="adjustResize" >
64-->src\main\AndroidManifest.xml:32:13-55
65
66            <!-- Intent filter για να ορίσεις ποια είναι η κύρια δραστηριότητα -->
67            <intent-filter>
67-->src\main\AndroidManifest.xml:36:13-39:29
68                <action android:name="android.intent.action.MAIN" />
68-->src\main\AndroidManifest.xml:37:17-69
68-->src\main\AndroidManifest.xml:37:25-66
69
70                <category android:name="android.intent.category.LAUNCHER" />
70-->src\main\AndroidManifest.xml:38:17-77
70-->src\main\AndroidManifest.xml:38:27-74
71            </intent-filter>
72        </activity>
73
74        <provider
74-->[:react-native-image-picker] AndroidManifest.xml:8:9-16:20
75            android:name="com.imagepicker.ImagePickerProvider"
75-->[:react-native-image-picker] AndroidManifest.xml:9:13-63
76            android:authorities="com.garageapp.imagepickerprovider"
76-->[:react-native-image-picker] AndroidManifest.xml:10:13-71
77            android:exported="false"
77-->[:react-native-image-picker] AndroidManifest.xml:11:13-37
78            android:grantUriPermissions="true" >
78-->[:react-native-image-picker] AndroidManifest.xml:12:13-47
79            <meta-data
79-->[:react-native-image-picker] AndroidManifest.xml:13:13-15:70
80                android:name="android.support.FILE_PROVIDER_PATHS"
80-->[:react-native-image-picker] AndroidManifest.xml:14:17-67
81                android:resource="@xml/imagepicker_provider_paths" />
81-->[:react-native-image-picker] AndroidManifest.xml:15:17-67
82        </provider>
83
84        <activity
84-->[com.facebook.react:react-android:0.75.3] AndroidManifest.xml:19:9-21:40
85            android:name="com.facebook.react.devsupport.DevSettingsActivity"
85-->[com.facebook.react:react-android:0.75.3] AndroidManifest.xml:20:13-77
86            android:exported="false" />
86-->[com.facebook.react:react-android:0.75.3] AndroidManifest.xml:21:13-37
87
88        <meta-data
88-->[com.google.maps.android:android-maps-utils:3.8.2] AndroidManifest.xml:8:9-10:69
89            android:name="com.google.android.gms.version"
89-->[com.google.maps.android:android-maps-utils:3.8.2] AndroidManifest.xml:9:13-58
90            android:value="@integer/google_play_services_version" /> <!-- Needs to be explicitly declared on P+ -->
90-->[com.google.maps.android:android-maps-utils:3.8.2] AndroidManifest.xml:10:13-66
91        <uses-library
91-->[com.google.android.gms:play-services-maps:18.2.0] AndroidManifest.xml:39:9-41:40
92            android:name="org.apache.http.legacy"
92-->[com.google.android.gms:play-services-maps:18.2.0] AndroidManifest.xml:40:13-50
93            android:required="false" />
93-->[com.google.android.gms:play-services-maps:18.2.0] AndroidManifest.xml:41:13-37
94
95        <activity
95-->[com.google.android.gms:play-services-base:18.2.0] AndroidManifest.xml:20:9-22:45
96            android:name="com.google.android.gms.common.api.GoogleApiActivity"
96-->[com.google.android.gms:play-services-base:18.2.0] AndroidManifest.xml:20:19-85
97            android:exported="false"
97-->[com.google.android.gms:play-services-base:18.2.0] AndroidManifest.xml:22:19-43
98            android:theme="@android:style/Theme.Translucent.NoTitleBar" />
98-->[com.google.android.gms:play-services-base:18.2.0] AndroidManifest.xml:21:19-78
99
100        <provider
100-->[androidx.work:work-runtime:2.7.1] AndroidManifest.xml:31:9-39:20
101            android:name="androidx.startup.InitializationProvider"
101-->[androidx.work:work-runtime:2.7.1] AndroidManifest.xml:32:13-67
102            android:authorities="com.garageapp.androidx-startup"
102-->[androidx.work:work-runtime:2.7.1] AndroidManifest.xml:33:13-68
103            android:exported="false" >
103-->[androidx.work:work-runtime:2.7.1] AndroidManifest.xml:34:13-37
104            <meta-data
104-->[androidx.work:work-runtime:2.7.1] AndroidManifest.xml:36:13-38:52
105                android:name="androidx.work.WorkManagerInitializer"
105-->[androidx.work:work-runtime:2.7.1] AndroidManifest.xml:37:17-68
106                android:value="androidx.startup" />
106-->[androidx.work:work-runtime:2.7.1] AndroidManifest.xml:38:17-49
107            <meta-data
107-->[androidx.emoji2:emoji2:1.2.0] AndroidManifest.xml:29:13-31:52
108                android:name="androidx.emoji2.text.EmojiCompatInitializer"
108-->[androidx.emoji2:emoji2:1.2.0] AndroidManifest.xml:30:17-75
109                android:value="androidx.startup" />
109-->[androidx.emoji2:emoji2:1.2.0] AndroidManifest.xml:31:17-49
110            <meta-data
110-->[androidx.lifecycle:lifecycle-process:2.4.1] AndroidManifest.xml:31:13-33:52
111                android:name="androidx.lifecycle.ProcessLifecycleInitializer"
111-->[androidx.lifecycle:lifecycle-process:2.4.1] AndroidManifest.xml:32:17-78
112                android:value="androidx.startup" />
112-->[androidx.lifecycle:lifecycle-process:2.4.1] AndroidManifest.xml:33:17-49
113        </provider>
114
115        <service
115-->[androidx.work:work-runtime:2.7.1] AndroidManifest.xml:41:9-46:35
116            android:name="androidx.work.impl.background.systemalarm.SystemAlarmService"
116-->[androidx.work:work-runtime:2.7.1] AndroidManifest.xml:42:13-88
117            android:directBootAware="false"
117-->[androidx.work:work-runtime:2.7.1] AndroidManifest.xml:43:13-44
118            android:enabled="@bool/enable_system_alarm_service_default"
118-->[androidx.work:work-runtime:2.7.1] AndroidManifest.xml:44:13-72
119            android:exported="false" />
119-->[androidx.work:work-runtime:2.7.1] AndroidManifest.xml:45:13-37
120        <service
120-->[androidx.work:work-runtime:2.7.1] AndroidManifest.xml:47:9-53:35
121            android:name="androidx.work.impl.background.systemjob.SystemJobService"
121-->[androidx.work:work-runtime:2.7.1] AndroidManifest.xml:48:13-84
122            android:directBootAware="false"
122-->[androidx.work:work-runtime:2.7.1] AndroidManifest.xml:49:13-44
123            android:enabled="@bool/enable_system_job_service_default"
123-->[androidx.work:work-runtime:2.7.1] AndroidManifest.xml:50:13-70
124            android:exported="true"
124-->[androidx.work:work-runtime:2.7.1] AndroidManifest.xml:51:13-36
125            android:permission="android.permission.BIND_JOB_SERVICE" />
125-->[androidx.work:work-runtime:2.7.1] AndroidManifest.xml:52:13-69
126        <service
126-->[androidx.work:work-runtime:2.7.1] AndroidManifest.xml:54:9-59:35
127            android:name="androidx.work.impl.foreground.SystemForegroundService"
127-->[androidx.work:work-runtime:2.7.1] AndroidManifest.xml:55:13-81
128            android:directBootAware="false"
128-->[androidx.work:work-runtime:2.7.1] AndroidManifest.xml:56:13-44
129            android:enabled="@bool/enable_system_foreground_service_default"
129-->[androidx.work:work-runtime:2.7.1] AndroidManifest.xml:57:13-77
130            android:exported="false" />
130-->[androidx.work:work-runtime:2.7.1] AndroidManifest.xml:58:13-37
131
132        <receiver
132-->[androidx.work:work-runtime:2.7.1] AndroidManifest.xml:61:9-66:35
133            android:name="androidx.work.impl.utils.ForceStopRunnable$BroadcastReceiver"
133-->[androidx.work:work-runtime:2.7.1] AndroidManifest.xml:62:13-88
134            android:directBootAware="false"
134-->[androidx.work:work-runtime:2.7.1] AndroidManifest.xml:63:13-44
135            android:enabled="true"
135-->[androidx.work:work-runtime:2.7.1] AndroidManifest.xml:64:13-35
136            android:exported="false" />
136-->[androidx.work:work-runtime:2.7.1] AndroidManifest.xml:65:13-37
137        <receiver
137-->[androidx.work:work-runtime:2.7.1] AndroidManifest.xml:67:9-77:20
138            android:name="androidx.work.impl.background.systemalarm.ConstraintProxy$BatteryChargingProxy"
138-->[androidx.work:work-runtime:2.7.1] AndroidManifest.xml:68:13-106
139            android:directBootAware="false"
139-->[androidx.work:work-runtime:2.7.1] AndroidManifest.xml:69:13-44
140            android:enabled="false"
140-->[androidx.work:work-runtime:2.7.1] AndroidManifest.xml:70:13-36
141            android:exported="false" >
141-->[androidx.work:work-runtime:2.7.1] AndroidManifest.xml:71:13-37
142            <intent-filter>
142-->[androidx.work:work-runtime:2.7.1] AndroidManifest.xml:73:13-76:29
143                <action android:name="android.intent.action.ACTION_POWER_CONNECTED" />
143-->[androidx.work:work-runtime:2.7.1] AndroidManifest.xml:74:17-87
143-->[androidx.work:work-runtime:2.7.1] AndroidManifest.xml:74:25-84
144                <action android:name="android.intent.action.ACTION_POWER_DISCONNECTED" />
144-->[androidx.work:work-runtime:2.7.1] AndroidManifest.xml:75:17-90
144-->[androidx.work:work-runtime:2.7.1] AndroidManifest.xml:75:25-87
145            </intent-filter>
146        </receiver>
147        <receiver
147-->[androidx.work:work-runtime:2.7.1] AndroidManifest.xml:78:9-88:20
148            android:name="androidx.work.impl.background.systemalarm.ConstraintProxy$BatteryNotLowProxy"
148-->[androidx.work:work-runtime:2.7.1] AndroidManifest.xml:79:13-104
149            android:directBootAware="false"
149-->[androidx.work:work-runtime:2.7.1] AndroidManifest.xml:80:13-44
150            android:enabled="false"
150-->[androidx.work:work-runtime:2.7.1] AndroidManifest.xml:81:13-36
151            android:exported="false" >
151-->[androidx.work:work-runtime:2.7.1] AndroidManifest.xml:82:13-37
152            <intent-filter>
152-->[androidx.work:work-runtime:2.7.1] AndroidManifest.xml:84:13-87:29
153                <action android:name="android.intent.action.BATTERY_OKAY" />
153-->[androidx.work:work-runtime:2.7.1] AndroidManifest.xml:85:17-77
153-->[androidx.work:work-runtime:2.7.1] AndroidManifest.xml:85:25-74
154                <action android:name="android.intent.action.BATTERY_LOW" />
154-->[androidx.work:work-runtime:2.7.1] AndroidManifest.xml:86:17-76
154-->[androidx.work:work-runtime:2.7.1] AndroidManifest.xml:86:25-73
155            </intent-filter>
156        </receiver>
157        <receiver
157-->[androidx.work:work-runtime:2.7.1] AndroidManifest.xml:89:9-99:20
158            android:name="androidx.work.impl.background.systemalarm.ConstraintProxy$StorageNotLowProxy"
158-->[androidx.work:work-runtime:2.7.1] AndroidManifest.xml:90:13-104
159            android:directBootAware="false"
159-->[androidx.work:work-runtime:2.7.1] AndroidManifest.xml:91:13-44
160            android:enabled="false"
160-->[androidx.work:work-runtime:2.7.1] AndroidManifest.xml:92:13-36
161            android:exported="false" >
161-->[androidx.work:work-runtime:2.7.1] AndroidManifest.xml:93:13-37
162            <intent-filter>
162-->[androidx.work:work-runtime:2.7.1] AndroidManifest.xml:95:13-98:29
163                <action android:name="android.intent.action.DEVICE_STORAGE_LOW" />
163-->[androidx.work:work-runtime:2.7.1] AndroidManifest.xml:96:17-83
163-->[androidx.work:work-runtime:2.7.1] AndroidManifest.xml:96:25-80
164                <action android:name="android.intent.action.DEVICE_STORAGE_OK" />
164-->[androidx.work:work-runtime:2.7.1] AndroidManifest.xml:97:17-82
164-->[androidx.work:work-runtime:2.7.1] AndroidManifest.xml:97:25-79
165            </intent-filter>
166        </receiver>
167        <receiver
167-->[androidx.work:work-runtime:2.7.1] AndroidManifest.xml:100:9-109:20
168            android:name="androidx.work.impl.background.systemalarm.ConstraintProxy$NetworkStateProxy"
168-->[androidx.work:work-runtime:2.7.1] AndroidManifest.xml:101:13-103
169            android:directBootAware="false"
169-->[androidx.work:work-runtime:2.7.1] AndroidManifest.xml:102:13-44
170            android:enabled="false"
170-->[androidx.work:work-runtime:2.7.1] AndroidManifest.xml:103:13-36
171            android:exported="false" >
171-->[androidx.work:work-runtime:2.7.1] AndroidManifest.xml:104:13-37
172            <intent-filter>
172-->[androidx.work:work-runtime:2.7.1] AndroidManifest.xml:106:13-108:29
173                <action android:name="android.net.conn.CONNECTIVITY_CHANGE" />
173-->[androidx.work:work-runtime:2.7.1] AndroidManifest.xml:107:17-79
173-->[androidx.work:work-runtime:2.7.1] AndroidManifest.xml:107:25-76
174            </intent-filter>
175        </receiver>
176        <receiver
176-->[androidx.work:work-runtime:2.7.1] AndroidManifest.xml:110:9-121:20
177            android:name="androidx.work.impl.background.systemalarm.RescheduleReceiver"
177-->[androidx.work:work-runtime:2.7.1] AndroidManifest.xml:111:13-88
178            android:directBootAware="false"
178-->[androidx.work:work-runtime:2.7.1] AndroidManifest.xml:112:13-44
179            android:enabled="false"
179-->[androidx.work:work-runtime:2.7.1] AndroidManifest.xml:113:13-36
180            android:exported="false" >
180-->[androidx.work:work-runtime:2.7.1] AndroidManifest.xml:114:13-37
181            <intent-filter>
181-->[androidx.work:work-runtime:2.7.1] AndroidManifest.xml:116:13-120:29
182                <action android:name="android.intent.action.BOOT_COMPLETED" />
182-->[androidx.work:work-runtime:2.7.1] AndroidManifest.xml:117:17-79
182-->[androidx.work:work-runtime:2.7.1] AndroidManifest.xml:117:25-76
183                <action android:name="android.intent.action.TIME_SET" />
183-->[androidx.work:work-runtime:2.7.1] AndroidManifest.xml:118:17-73
183-->[androidx.work:work-runtime:2.7.1] AndroidManifest.xml:118:25-70
184                <action android:name="android.intent.action.TIMEZONE_CHANGED" />
184-->[androidx.work:work-runtime:2.7.1] AndroidManifest.xml:119:17-81
184-->[androidx.work:work-runtime:2.7.1] AndroidManifest.xml:119:25-78
185            </intent-filter>
186        </receiver>
187        <receiver
187-->[androidx.work:work-runtime:2.7.1] AndroidManifest.xml:122:9-131:20
188            android:name="androidx.work.impl.background.systemalarm.ConstraintProxyUpdateReceiver"
188-->[androidx.work:work-runtime:2.7.1] AndroidManifest.xml:123:13-99
189            android:directBootAware="false"
189-->[androidx.work:work-runtime:2.7.1] AndroidManifest.xml:124:13-44
190            android:enabled="@bool/enable_system_alarm_service_default"
190-->[androidx.work:work-runtime:2.7.1] AndroidManifest.xml:125:13-72
191            android:exported="false" >
191-->[androidx.work:work-runtime:2.7.1] AndroidManifest.xml:126:13-37
192            <intent-filter>
192-->[androidx.work:work-runtime:2.7.1] AndroidManifest.xml:128:13-130:29
193                <action android:name="androidx.work.impl.background.systemalarm.UpdateProxies" />
193-->[androidx.work:work-runtime:2.7.1] AndroidManifest.xml:129:17-98
193-->[androidx.work:work-runtime:2.7.1] AndroidManifest.xml:129:25-95
194            </intent-filter>
195        </receiver>
196        <receiver
196-->[androidx.work:work-runtime:2.7.1] AndroidManifest.xml:132:9-142:20
197            android:name="androidx.work.impl.diagnostics.DiagnosticsReceiver"
197-->[androidx.work:work-runtime:2.7.1] AndroidManifest.xml:133:13-78
198            android:directBootAware="false"
198-->[androidx.work:work-runtime:2.7.1] AndroidManifest.xml:134:13-44
199            android:enabled="true"
199-->[androidx.work:work-runtime:2.7.1] AndroidManifest.xml:135:13-35
200            android:exported="true"
200-->[androidx.work:work-runtime:2.7.1] AndroidManifest.xml:136:13-36
201            android:permission="android.permission.DUMP" >
201-->[androidx.work:work-runtime:2.7.1] AndroidManifest.xml:137:13-57
202            <intent-filter>
202-->[androidx.work:work-runtime:2.7.1] AndroidManifest.xml:139:13-141:29
203                <action android:name="androidx.work.diagnostics.REQUEST_DIAGNOSTICS" />
203-->[androidx.work:work-runtime:2.7.1] AndroidManifest.xml:140:17-88
203-->[androidx.work:work-runtime:2.7.1] AndroidManifest.xml:140:25-85
204            </intent-filter>
205        </receiver>
206
207        <service
207-->[androidx.room:room-runtime:2.2.5] AndroidManifest.xml:25:9-28:40
208            android:name="androidx.room.MultiInstanceInvalidationService"
208-->[androidx.room:room-runtime:2.2.5] AndroidManifest.xml:26:13-74
209            android:directBootAware="true"
209-->[androidx.room:room-runtime:2.2.5] AndroidManifest.xml:27:13-43
210            android:exported="false" />
210-->[androidx.room:room-runtime:2.2.5] AndroidManifest.xml:28:13-37
211
212        <meta-data
212-->[com.facebook.soloader:soloader:0.11.0] AndroidManifest.xml:12:9-14:37
213            android:name="com.facebook.soloader.enabled"
213-->[com.facebook.soloader:soloader:0.11.0] AndroidManifest.xml:13:13-57
214            android:value="false" />
214-->[com.facebook.soloader:soloader:0.11.0] AndroidManifest.xml:14:13-34
215    </application>
216
217</manifest>